Created by PLY version 3.11 (http://www.dabeaz.com/ply)

Unused terminals:

    AND
    ASIGNAR
    BODY
    COMDOB
    CORDER
    CORIZQ
    DISTINTO
    DOCTYPE
    DOSPUNTO
    ENTERO
    GET
    HEAD
    HTML
    IGUAL
    INCLUDE
    INT
    LLADER
    LLAIZQ
    MAYORDER
    MAYORIGUAL
    MAYORIZQ
    MENORIGUAL
    MIENTRAS
    MINUSMINUS
    MODULO
    MULT
    NAMESPACE
    NUMERAL
    OR
    PARDER
    PARIZQ
    PLUSPLUS
    POTENCIA
    PUNTO
    PUNTOCOMA
    RESTA
    RETURN
    SI
    SINO
    STD
    SUMA
    SYSTEM
    TITLE
    USING
    VOID

Grammar

Rule 0     S' -> expresion
Rule 1     expresion -> MENORQUE NOT RESERVADA RESERVADA MAYORQUE MENORQUE RESERVADA MAYORQUE MENORQUE RESERVADA MAYORQUE MENORQUE RESERVADA MAYORQUE IDENTIFICADOR IDENTIFICADOR IDENTIFICADOR MENORQUE DIV RESERVADA MAYORQUE MENORQUE DIV RESERVADA MAYORQUE MENORQUE RESERVADA MAYORQUE MENORQUE IDENTIFICADOR MAYORQUE IDENTIFICADOR IDENTIFICADOR NOT MENORQUE DIV IDENTIFICADOR MAYORQUE MENORQUE DIV RESERVADA MAYORQUE MENORQUE DIV RESERVADA MAYORQUE MAYORQUE

Terminals, with rules where they appear

AND                  : 
ASIGNAR              : 
BODY                 : 
COMDOB               : 
CORDER               : 
CORIZQ               : 
DISTINTO             : 
DIV                  : 1 1 1 1 1
DOCTYPE              : 
DOSPUNTO             : 
ENTERO               : 
GET                  : 
HEAD                 : 
HTML                 : 
IDENTIFICADOR        : 1 1 1 1 1 1 1
IGUAL                : 
INCLUDE              : 
INT                  : 
LLADER               : 
LLAIZQ               : 
MAYORDER             : 
MAYORIGUAL           : 
MAYORIZQ             : 
MAYORQUE             : 1 1 1 1 1 1 1 1 1 1 1 1
MENORIGUAL           : 
MENORQUE             : 1 1 1 1 1 1 1 1 1 1 1
MIENTRAS             : 
MINUSMINUS           : 
MODULO               : 
MULT                 : 
NAMESPACE            : 
NOT                  : 1 1
NUMERAL              : 
OR                   : 
PARDER               : 
PARIZQ               : 
PLUSPLUS             : 
POTENCIA             : 
PUNTO                : 
PUNTOCOMA            : 
RESERVADA            : 1 1 1 1 1 1 1 1 1 1
RESTA                : 
RETURN               : 
SI                   : 
SINO                 : 
STD                  : 
SUMA                 : 
SYSTEM               : 
TITLE                : 
USING                : 
VOID                 : 
error                : 

Nonterminals, with rules where they appear

expresion            : 0

Parsing method: LALR

state 0

    (0) S' -> . expresion
    (1) expresion -> . MENORQUE NOT RESERVADA RESERVADA MAYORQUE MENORQUE RESERVADA MAYORQUE MENORQUE RESERVADA MAYORQUE MENORQUE RESERVADA MAYORQUE IDENTIFICADOR IDENTIFICADOR IDENTIFICADOR MENORQUE DIV RESERVADA MAYORQUE MENORQUE DIV RESERVADA MAYORQUE MENORQUE RESERVADA MAYORQUE MENORQUE IDENTIFICADOR MAYORQUE IDENTIFICADOR IDENTIFICADOR NOT MENORQUE DIV IDENTIFICADOR MAYORQUE MENORQUE DIV RESERVADA MAYORQUE MENORQUE DIV RESERVADA MAYORQUE MAYORQUE

    MENORQUE        shift and go to state 2

    expresion                      shift and go to state 1

state 1

    (0) S' -> expresion .



state 2

    (1) expresion -> MENORQUE . NOT RESERVADA RESERVADA MAYORQUE MENORQUE RESERVADA MAYORQUE MENORQUE RESERVADA MAYORQUE MENORQUE RESERVADA MAYORQUE IDENTIFICADOR IDENTIFICADOR IDENTIFICADOR MENORQUE DIV RESERVADA MAYORQUE MENORQUE DIV RESERVADA MAYORQUE MENORQUE RESERVADA MAYORQUE MENORQUE IDENTIFICADOR MAYORQUE IDENTIFICADOR IDENTIFICADOR NOT MENORQUE DIV IDENTIFICADOR MAYORQUE MENORQUE DIV RESERVADA MAYORQUE MENORQUE DIV RESERVADA MAYORQUE MAYORQUE

    NOT             shift and go to state 3


state 3

    (1) expresion -> MENORQUE NOT . RESERVADA RESERVADA MAYORQUE MENORQUE RESERVADA MAYORQUE MENORQUE RESERVADA MAYORQUE MENORQUE RESERVADA MAYORQUE IDENTIFICADOR IDENTIFICADOR IDENTIFICADOR MENORQUE DIV RESERVADA MAYORQUE MENORQUE DIV RESERVADA MAYORQUE MENORQUE RESERVADA MAYORQUE MENORQUE IDENTIFICADOR MAYORQUE IDENTIFICADOR IDENTIFICADOR NOT MENORQUE DIV IDENTIFICADOR MAYORQUE MENORQUE DIV RESERVADA MAYORQUE MENORQUE DIV RESERVADA MAYORQUE MAYORQUE

    RESERVADA       shift and go to state 4


state 4

    (1) expresion -> MENORQUE NOT RESERVADA . RESERVADA MAYORQUE MENORQUE RESERVADA MAYORQUE MENORQUE RESERVADA MAYORQUE MENORQUE RESERVADA MAYORQUE IDENTIFICADOR IDENTIFICADOR IDENTIFICADOR MENORQUE DIV RESERVADA MAYORQUE MENORQUE DIV RESERVADA MAYORQUE MENORQUE RESERVADA MAYORQUE MENORQUE IDENTIFICADOR MAYORQUE IDENTIFICADOR IDENTIFICADOR NOT MENORQUE DIV IDENTIFICADOR MAYORQUE MENORQUE DIV RESERVADA MAYORQUE MENORQUE DIV RESERVADA MAYORQUE MAYORQUE

    RESERVADA       shift and go to state 5


state 5

    (1) expresion -> MENORQUE NOT RESERVADA RESERVADA . MAYORQUE MENORQUE RESERVADA MAYORQUE MENORQUE RESERVADA MAYORQUE MENORQUE RESERVADA MAYORQUE IDENTIFICADOR IDENTIFICADOR IDENTIFICADOR MENORQUE DIV RESERVADA MAYORQUE MENORQUE DIV RESERVADA MAYORQUE MENORQUE RESERVADA MAYORQUE MENORQUE IDENTIFICADOR MAYORQUE IDENTIFICADOR IDENTIFICADOR NOT MENORQUE DIV IDENTIFICADOR MAYORQUE MENORQUE DIV RESERVADA MAYORQUE MENORQUE DIV RESERVADA MAYORQUE MAYORQUE

    MAYORQUE        shift and go to state 6


state 6

    (1) expresion -> MENORQUE NOT RESERVADA RESERVADA MAYORQUE . MENORQUE RESERVADA MAYORQUE MENORQUE RESERVADA MAYORQUE MENORQUE RESERVADA MAYORQUE IDENTIFICADOR IDENTIFICADOR IDENTIFICADOR MENORQUE DIV RESERVADA MAYORQUE MENORQUE DIV RESERVADA MAYORQUE MENORQUE RESERVADA MAYORQUE MENORQUE IDENTIFICADOR MAYORQUE IDENTIFICADOR IDENTIFICADOR NOT MENORQUE DIV IDENTIFICADOR MAYORQUE MENORQUE DIV RESERVADA MAYORQUE MENORQUE DIV RESERVADA MAYORQUE MAYORQUE

    MENORQUE        shift and go to state 7


state 7

    (1) expresion -> MENORQUE NOT RESERVADA RESERVADA MAYORQUE MENORQUE . RESERVADA MAYORQUE MENORQUE RESERVADA MAYORQUE MENORQUE RESERVADA MAYORQUE IDENTIFICADOR IDENTIFICADOR IDENTIFICADOR MENORQUE DIV RESERVADA MAYORQUE MENORQUE DIV RESERVADA MAYORQUE MENORQUE RESERVADA MAYORQUE MENORQUE IDENTIFICADOR MAYORQUE IDENTIFICADOR IDENTIFICADOR NOT MENORQUE DIV IDENTIFICADOR MAYORQUE MENORQUE DIV RESERVADA MAYORQUE MENORQUE DIV RESERVADA MAYORQUE MAYORQUE

    RESERVADA       shift and go to state 8


state 8

    (1) expresion -> MENORQUE NOT RESERVADA RESERVADA MAYORQUE MENORQUE RESERVADA . MAYORQUE MENORQUE RESERVADA MAYORQUE MENORQUE RESERVADA MAYORQUE IDENTIFICADOR IDENTIFICADOR IDENTIFICADOR MENORQUE DIV RESERVADA MAYORQUE MENORQUE DIV RESERVADA MAYORQUE MENORQUE RESERVADA MAYORQUE MENORQUE IDENTIFICADOR MAYORQUE IDENTIFICADOR IDENTIFICADOR NOT MENORQUE DIV IDENTIFICADOR MAYORQUE MENORQUE DIV RESERVADA MAYORQUE MENORQUE DIV RESERVADA MAYORQUE MAYORQUE

    MAYORQUE        shift and go to state 9


state 9

    (1) expresion -> MENORQUE NOT RESERVADA RESERVADA MAYORQUE MENORQUE RESERVADA MAYORQUE . MENORQUE RESERVADA MAYORQUE MENORQUE RESERVADA MAYORQUE IDENTIFICADOR IDENTIFICADOR IDENTIFICADOR MENORQUE DIV RESERVADA MAYORQUE MENORQUE DIV RESERVADA MAYORQUE MENORQUE RESERVADA MAYORQUE MENORQUE IDENTIFICADOR MAYORQUE IDENTIFICADOR IDENTIFICADOR NOT MENORQUE DIV IDENTIFICADOR MAYORQUE MENORQUE DIV RESERVADA MAYORQUE MENORQUE DIV RESERVADA MAYORQUE MAYORQUE

    MENORQUE        shift and go to state 10


state 10

    (1) expresion -> MENORQUE NOT RESERVADA RESERVADA MAYORQUE MENORQUE RESERVADA MAYORQUE MENORQUE . RESERVADA MAYORQUE MENORQUE RESERVADA MAYORQUE IDENTIFICADOR IDENTIFICADOR IDENTIFICADOR MENORQUE DIV RESERVADA MAYORQUE MENORQUE DIV RESERVADA MAYORQUE MENORQUE RESERVADA MAYORQUE MENORQUE IDENTIFICADOR MAYORQUE IDENTIFICADOR IDENTIFICADOR NOT MENORQUE DIV IDENTIFICADOR MAYORQUE MENORQUE DIV RESERVADA MAYORQUE MENORQUE DIV RESERVADA MAYORQUE MAYORQUE

    RESERVADA       shift and go to state 11


state 11

    (1) expresion -> MENORQUE NOT RESERVADA RESERVADA MAYORQUE MENORQUE RESERVADA MAYORQUE MENORQUE RESERVADA . MAYORQUE MENORQUE RESERVADA MAYORQUE IDENTIFICADOR IDENTIFICADOR IDENTIFICADOR MENORQUE DIV RESERVADA MAYORQUE MENORQUE DIV RESERVADA MAYORQUE MENORQUE RESERVADA MAYORQUE MENORQUE IDENTIFICADOR MAYORQUE IDENTIFICADOR IDENTIFICADOR NOT MENORQUE DIV IDENTIFICADOR MAYORQUE MENORQUE DIV RESERVADA MAYORQUE MENORQUE DIV RESERVADA MAYORQUE MAYORQUE

    MAYORQUE        shift and go to state 12


state 12

    (1) expresion -> MENORQUE NOT RESERVADA RESERVADA MAYORQUE MENORQUE RESERVADA MAYORQUE MENORQUE RESERVADA MAYORQUE . MENORQUE RESERVADA MAYORQUE IDENTIFICADOR IDENTIFICADOR IDENTIFICADOR MENORQUE DIV RESERVADA MAYORQUE MENORQUE DIV RESERVADA MAYORQUE MENORQUE RESERVADA MAYORQUE MENORQUE IDENTIFICADOR MAYORQUE IDENTIFICADOR IDENTIFICADOR NOT MENORQUE DIV IDENTIFICADOR MAYORQUE MENORQUE DIV RESERVADA MAYORQUE MENORQUE DIV RESERVADA MAYORQUE MAYORQUE

    MENORQUE        shift and go to state 13


state 13

    (1) expresion -> MENORQUE NOT RESERVADA RESERVADA MAYORQUE MENORQUE RESERVADA MAYORQUE MENORQUE RESERVADA MAYORQUE MENORQUE . RESERVADA MAYORQUE IDENTIFICADOR IDENTIFICADOR IDENTIFICADOR MENORQUE DIV RESERVADA MAYORQUE MENORQUE DIV RESERVADA MAYORQUE MENORQUE RESERVADA MAYORQUE MENORQUE IDENTIFICADOR MAYORQUE IDENTIFICADOR IDENTIFICADOR NOT MENORQUE DIV IDENTIFICADOR MAYORQUE MENORQUE DIV RESERVADA MAYORQUE MENORQUE DIV RESERVADA MAYORQUE MAYORQUE

    RESERVADA       shift and go to state 14


state 14

    (1) expresion -> MENORQUE NOT RESERVADA RESERVADA MAYORQUE MENORQUE RESERVADA MAYORQUE MENORQUE RESERVADA MAYORQUE MENORQUE RESERVADA . MAYORQUE IDENTIFICADOR IDENTIFICADOR IDENTIFICADOR MENORQUE DIV RESERVADA MAYORQUE MENORQUE DIV RESERVADA MAYORQUE MENORQUE RESERVADA MAYORQUE MENORQUE IDENTIFICADOR MAYORQUE IDENTIFICADOR IDENTIFICADOR NOT MENORQUE DIV IDENTIFICADOR MAYORQUE MENORQUE DIV RESERVADA MAYORQUE MENORQUE DIV RESERVADA MAYORQUE MAYORQUE

    MAYORQUE        shift and go to state 15


state 15

    (1) expresion -> MENORQUE NOT RESERVADA RESERVADA MAYORQUE MENORQUE RESERVADA MAYORQUE MENORQUE RESERVADA MAYORQUE MENORQUE RESERVADA MAYORQUE . IDENTIFICADOR IDENTIFICADOR IDENTIFICADOR MENORQUE DIV RESERVADA MAYORQUE MENORQUE DIV RESERVADA MAYORQUE MENORQUE RESERVADA MAYORQUE MENORQUE IDENTIFICADOR MAYORQUE IDENTIFICADOR IDENTIFICADOR NOT MENORQUE DIV IDENTIFICADOR MAYORQUE MENORQUE DIV RESERVADA MAYORQUE MENORQUE DIV RESERVADA MAYORQUE MAYORQUE

    IDENTIFICADOR   shift and go to state 16


state 16

    (1) expresion -> MENORQUE NOT RESERVADA RESERVADA MAYORQUE MENORQUE RESERVADA MAYORQUE MENORQUE RESERVADA MAYORQUE MENORQUE RESERVADA MAYORQUE IDENTIFICADOR . IDENTIFICADOR IDENTIFICADOR MENORQUE DIV RESERVADA MAYORQUE MENORQUE DIV RESERVADA MAYORQUE MENORQUE RESERVADA MAYORQUE MENORQUE IDENTIFICADOR MAYORQUE IDENTIFICADOR IDENTIFICADOR NOT MENORQUE DIV IDENTIFICADOR MAYORQUE MENORQUE DIV RESERVADA MAYORQUE MENORQUE DIV RESERVADA MAYORQUE MAYORQUE

    IDENTIFICADOR   shift and go to state 17


state 17

    (1) expresion -> MENORQUE NOT RESERVADA RESERVADA MAYORQUE MENORQUE RESERVADA MAYORQUE MENORQUE RESERVADA MAYORQUE MENORQUE RESERVADA MAYORQUE IDENTIFICADOR IDENTIFICADOR . IDENTIFICADOR MENORQUE DIV RESERVADA MAYORQUE MENORQUE DIV RESERVADA MAYORQUE MENORQUE RESERVADA MAYORQUE MENORQUE IDENTIFICADOR MAYORQUE IDENTIFICADOR IDENTIFICADOR NOT MENORQUE DIV IDENTIFICADOR MAYORQUE MENORQUE DIV RESERVADA MAYORQUE MENORQUE DIV RESERVADA MAYORQUE MAYORQUE

    IDENTIFICADOR   shift and go to state 18


state 18

    (1) expresion -> MENORQUE NOT RESERVADA RESERVADA MAYORQUE MENORQUE RESERVADA MAYORQUE MENORQUE RESERVADA MAYORQUE MENORQUE RESERVADA MAYORQUE IDENTIFICADOR IDENTIFICADOR IDENTIFICADOR . MENORQUE DIV RESERVADA MAYORQUE MENORQUE DIV RESERVADA MAYORQUE MENORQUE RESERVADA MAYORQUE MENORQUE IDENTIFICADOR MAYORQUE IDENTIFICADOR IDENTIFICADOR NOT MENORQUE DIV IDENTIFICADOR MAYORQUE MENORQUE DIV RESERVADA MAYORQUE MENORQUE DIV RESERVADA MAYORQUE MAYORQUE

    MENORQUE        shift and go to state 19


state 19

    (1) expresion -> MENORQUE NOT RESERVADA RESERVADA MAYORQUE MENORQUE RESERVADA MAYORQUE MENORQUE RESERVADA MAYORQUE MENORQUE RESERVADA MAYORQUE IDENTIFICADOR IDENTIFICADOR IDENTIFICADOR MENORQUE . DIV RESERVADA MAYORQUE MENORQUE DIV RESERVADA MAYORQUE MENORQUE RESERVADA MAYORQUE MENORQUE IDENTIFICADOR MAYORQUE IDENTIFICADOR IDENTIFICADOR NOT MENORQUE DIV IDENTIFICADOR MAYORQUE MENORQUE DIV RESERVADA MAYORQUE MENORQUE DIV RESERVADA MAYORQUE MAYORQUE

    DIV             shift and go to state 20


state 20

    (1) expresion -> MENORQUE NOT RESERVADA RESERVADA MAYORQUE MENORQUE RESERVADA MAYORQUE MENORQUE RESERVADA MAYORQUE MENORQUE RESERVADA MAYORQUE IDENTIFICADOR IDENTIFICADOR IDENTIFICADOR MENORQUE DIV . RESERVADA MAYORQUE MENORQUE DIV RESERVADA MAYORQUE MENORQUE RESERVADA MAYORQUE MENORQUE IDENTIFICADOR MAYORQUE IDENTIFICADOR IDENTIFICADOR NOT MENORQUE DIV IDENTIFICADOR MAYORQUE MENORQUE DIV RESERVADA MAYORQUE MENORQUE DIV RESERVADA MAYORQUE MAYORQUE

    RESERVADA       shift and go to state 21


state 21

    (1) expresion -> MENORQUE NOT RESERVADA RESERVADA MAYORQUE MENORQUE RESERVADA MAYORQUE MENORQUE RESERVADA MAYORQUE MENORQUE RESERVADA MAYORQUE IDENTIFICADOR IDENTIFICADOR IDENTIFICADOR MENORQUE DIV RESERVADA . MAYORQUE MENORQUE DIV RESERVADA MAYORQUE MENORQUE RESERVADA MAYORQUE MENORQUE IDENTIFICADOR MAYORQUE IDENTIFICADOR IDENTIFICADOR NOT MENORQUE DIV IDENTIFICADOR MAYORQUE MENORQUE DIV RESERVADA MAYORQUE MENORQUE DIV RESERVADA MAYORQUE MAYORQUE

    MAYORQUE        shift and go to state 22


state 22

    (1) expresion -> MENORQUE NOT RESERVADA RESERVADA MAYORQUE MENORQUE RESERVADA MAYORQUE MENORQUE RESERVADA MAYORQUE MENORQUE RESERVADA MAYORQUE IDENTIFICADOR IDENTIFICADOR IDENTIFICADOR MENORQUE DIV RESERVADA MAYORQUE . MENORQUE DIV RESERVADA MAYORQUE MENORQUE RESERVADA MAYORQUE MENORQUE IDENTIFICADOR MAYORQUE IDENTIFICADOR IDENTIFICADOR NOT MENORQUE DIV IDENTIFICADOR MAYORQUE MENORQUE DIV RESERVADA MAYORQUE MENORQUE DIV RESERVADA MAYORQUE MAYORQUE

    MENORQUE        shift and go to state 23


state 23

    (1) expresion -> MENORQUE NOT RESERVADA RESERVADA MAYORQUE MENORQUE RESERVADA MAYORQUE MENORQUE RESERVADA MAYORQUE MENORQUE RESERVADA MAYORQUE IDENTIFICADOR IDENTIFICADOR IDENTIFICADOR MENORQUE DIV RESERVADA MAYORQUE MENORQUE . DIV RESERVADA MAYORQUE MENORQUE RESERVADA MAYORQUE MENORQUE IDENTIFICADOR MAYORQUE IDENTIFICADOR IDENTIFICADOR NOT MENORQUE DIV IDENTIFICADOR MAYORQUE MENORQUE DIV RESERVADA MAYORQUE MENORQUE DIV RESERVADA MAYORQUE MAYORQUE

    DIV             shift and go to state 24


state 24

    (1) expresion -> MENORQUE NOT RESERVADA RESERVADA MAYORQUE MENORQUE RESERVADA MAYORQUE MENORQUE RESERVADA MAYORQUE MENORQUE RESERVADA MAYORQUE IDENTIFICADOR IDENTIFICADOR IDENTIFICADOR MENORQUE DIV RESERVADA MAYORQUE MENORQUE DIV . RESERVADA MAYORQUE MENORQUE RESERVADA MAYORQUE MENORQUE IDENTIFICADOR MAYORQUE IDENTIFICADOR IDENTIFICADOR NOT MENORQUE DIV IDENTIFICADOR MAYORQUE MENORQUE DIV RESERVADA MAYORQUE MENORQUE DIV RESERVADA MAYORQUE MAYORQUE

    RESERVADA       shift and go to state 25


state 25

    (1) expresion -> MENORQUE NOT RESERVADA RESERVADA MAYORQUE MENORQUE RESERVADA MAYORQUE MENORQUE RESERVADA MAYORQUE MENORQUE RESERVADA MAYORQUE IDENTIFICADOR IDENTIFICADOR IDENTIFICADOR MENORQUE DIV RESERVADA MAYORQUE MENORQUE DIV RESERVADA . MAYORQUE MENORQUE RESERVADA MAYORQUE MENORQUE IDENTIFICADOR MAYORQUE IDENTIFICADOR IDENTIFICADOR NOT MENORQUE DIV IDENTIFICADOR MAYORQUE MENORQUE DIV RESERVADA MAYORQUE MENORQUE DIV RESERVADA MAYORQUE MAYORQUE

    MAYORQUE        shift and go to state 26


state 26

    (1) expresion -> MENORQUE NOT RESERVADA RESERVADA MAYORQUE MENORQUE RESERVADA MAYORQUE MENORQUE RESERVADA MAYORQUE MENORQUE RESERVADA MAYORQUE IDENTIFICADOR IDENTIFICADOR IDENTIFICADOR MENORQUE DIV RESERVADA MAYORQUE MENORQUE DIV RESERVADA MAYORQUE . MENORQUE RESERVADA MAYORQUE MENORQUE IDENTIFICADOR MAYORQUE IDENTIFICADOR IDENTIFICADOR NOT MENORQUE DIV IDENTIFICADOR MAYORQUE MENORQUE DIV RESERVADA MAYORQUE MENORQUE DIV RESERVADA MAYORQUE MAYORQUE

    MENORQUE        shift and go to state 27


state 27

    (1) expresion -> MENORQUE NOT RESERVADA RESERVADA MAYORQUE MENORQUE RESERVADA MAYORQUE MENORQUE RESERVADA MAYORQUE MENORQUE RESERVADA MAYORQUE IDENTIFICADOR IDENTIFICADOR IDENTIFICADOR MENORQUE DIV RESERVADA MAYORQUE MENORQUE DIV RESERVADA MAYORQUE MENORQUE . RESERVADA MAYORQUE MENORQUE IDENTIFICADOR MAYORQUE IDENTIFICADOR IDENTIFICADOR NOT MENORQUE DIV IDENTIFICADOR MAYORQUE MENORQUE DIV RESERVADA MAYORQUE MENORQUE DIV RESERVADA MAYORQUE MAYORQUE

    RESERVADA       shift and go to state 28


state 28

    (1) expresion -> MENORQUE NOT RESERVADA RESERVADA MAYORQUE MENORQUE RESERVADA MAYORQUE MENORQUE RESERVADA MAYORQUE MENORQUE RESERVADA MAYORQUE IDENTIFICADOR IDENTIFICADOR IDENTIFICADOR MENORQUE DIV RESERVADA MAYORQUE MENORQUE DIV RESERVADA MAYORQUE MENORQUE RESERVADA . MAYORQUE MENORQUE IDENTIFICADOR MAYORQUE IDENTIFICADOR IDENTIFICADOR NOT MENORQUE DIV IDENTIFICADOR MAYORQUE MENORQUE DIV RESERVADA MAYORQUE MENORQUE DIV RESERVADA MAYORQUE MAYORQUE

    MAYORQUE        shift and go to state 29


state 29

    (1) expresion -> MENORQUE NOT RESERVADA RESERVADA MAYORQUE MENORQUE RESERVADA MAYORQUE MENORQUE RESERVADA MAYORQUE MENORQUE RESERVADA MAYORQUE IDENTIFICADOR IDENTIFICADOR IDENTIFICADOR MENORQUE DIV RESERVADA MAYORQUE MENORQUE DIV RESERVADA MAYORQUE MENORQUE RESERVADA MAYORQUE . MENORQUE IDENTIFICADOR MAYORQUE IDENTIFICADOR IDENTIFICADOR NOT MENORQUE DIV IDENTIFICADOR MAYORQUE MENORQUE DIV RESERVADA MAYORQUE MENORQUE DIV RESERVADA MAYORQUE MAYORQUE

    MENORQUE        shift and go to state 30


state 30

    (1) expresion -> MENORQUE NOT RESERVADA RESERVADA MAYORQUE MENORQUE RESERVADA MAYORQUE MENORQUE RESERVADA MAYORQUE MENORQUE RESERVADA MAYORQUE IDENTIFICADOR IDENTIFICADOR IDENTIFICADOR MENORQUE DIV RESERVADA MAYORQUE MENORQUE DIV RESERVADA MAYORQUE MENORQUE RESERVADA MAYORQUE MENORQUE . IDENTIFICADOR MAYORQUE IDENTIFICADOR IDENTIFICADOR NOT MENORQUE DIV IDENTIFICADOR MAYORQUE MENORQUE DIV RESERVADA MAYORQUE MENORQUE DIV RESERVADA MAYORQUE MAYORQUE

    IDENTIFICADOR   shift and go to state 31


state 31

    (1) expresion -> MENORQUE NOT RESERVADA RESERVADA MAYORQUE MENORQUE RESERVADA MAYORQUE MENORQUE RESERVADA MAYORQUE MENORQUE RESERVADA MAYORQUE IDENTIFICADOR IDENTIFICADOR IDENTIFICADOR MENORQUE DIV RESERVADA MAYORQUE MENORQUE DIV RESERVADA MAYORQUE MENORQUE RESERVADA MAYORQUE MENORQUE IDENTIFICADOR . MAYORQUE IDENTIFICADOR IDENTIFICADOR NOT MENORQUE DIV IDENTIFICADOR MAYORQUE MENORQUE DIV RESERVADA MAYORQUE MENORQUE DIV RESERVADA MAYORQUE MAYORQUE

    MAYORQUE        shift and go to state 32


state 32

    (1) expresion -> MENORQUE NOT RESERVADA RESERVADA MAYORQUE MENORQUE RESERVADA MAYORQUE MENORQUE RESERVADA MAYORQUE MENORQUE RESERVADA MAYORQUE IDENTIFICADOR IDENTIFICADOR IDENTIFICADOR MENORQUE DIV RESERVADA MAYORQUE MENORQUE DIV RESERVADA MAYORQUE MENORQUE RESERVADA MAYORQUE MENORQUE IDENTIFICADOR MAYORQUE . IDENTIFICADOR IDENTIFICADOR NOT MENORQUE DIV IDENTIFICADOR MAYORQUE MENORQUE DIV RESERVADA MAYORQUE MENORQUE DIV RESERVADA MAYORQUE MAYORQUE

    IDENTIFICADOR   shift and go to state 33


state 33

    (1) expresion -> MENORQUE NOT RESERVADA RESERVADA MAYORQUE MENORQUE RESERVADA MAYORQUE MENORQUE RESERVADA MAYORQUE MENORQUE RESERVADA MAYORQUE IDENTIFICADOR IDENTIFICADOR IDENTIFICADOR MENORQUE DIV RESERVADA MAYORQUE MENORQUE DIV RESERVADA MAYORQUE MENORQUE RESERVADA MAYORQUE MENORQUE IDENTIFICADOR MAYORQUE IDENTIFICADOR . IDENTIFICADOR NOT MENORQUE DIV IDENTIFICADOR MAYORQUE MENORQUE DIV RESERVADA MAYORQUE MENORQUE DIV RESERVADA MAYORQUE MAYORQUE

    IDENTIFICADOR   shift and go to state 34


state 34

    (1) expresion -> MENORQUE NOT RESERVADA RESERVADA MAYORQUE MENORQUE RESERVADA MAYORQUE MENORQUE RESERVADA MAYORQUE MENORQUE RESERVADA MAYORQUE IDENTIFICADOR IDENTIFICADOR IDENTIFICADOR MENORQUE DIV RESERVADA MAYORQUE MENORQUE DIV RESERVADA MAYORQUE MENORQUE RESERVADA MAYORQUE MENORQUE IDENTIFICADOR MAYORQUE IDENTIFICADOR IDENTIFICADOR . NOT MENORQUE DIV IDENTIFICADOR MAYORQUE MENORQUE DIV RESERVADA MAYORQUE MENORQUE DIV RESERVADA MAYORQUE MAYORQUE

    NOT             shift and go to state 35


state 35

    (1) expresion -> MENORQUE NOT RESERVADA RESERVADA MAYORQUE MENORQUE RESERVADA MAYORQUE MENORQUE RESERVADA MAYORQUE MENORQUE RESERVADA MAYORQUE IDENTIFICADOR IDENTIFICADOR IDENTIFICADOR MENORQUE DIV RESERVADA MAYORQUE MENORQUE DIV RESERVADA MAYORQUE MENORQUE RESERVADA MAYORQUE MENORQUE IDENTIFICADOR MAYORQUE IDENTIFICADOR IDENTIFICADOR NOT . MENORQUE DIV IDENTIFICADOR MAYORQUE MENORQUE DIV RESERVADA MAYORQUE MENORQUE DIV RESERVADA MAYORQUE MAYORQUE

    MENORQUE        shift and go to state 36


state 36

    (1) expresion -> MENORQUE NOT RESERVADA RESERVADA MAYORQUE MENORQUE RESERVADA MAYORQUE MENORQUE RESERVADA MAYORQUE MENORQUE RESERVADA MAYORQUE IDENTIFICADOR IDENTIFICADOR IDENTIFICADOR MENORQUE DIV RESERVADA MAYORQUE MENORQUE DIV RESERVADA MAYORQUE MENORQUE RESERVADA MAYORQUE MENORQUE IDENTIFICADOR MAYORQUE IDENTIFICADOR IDENTIFICADOR NOT MENORQUE . DIV IDENTIFICADOR MAYORQUE MENORQUE DIV RESERVADA MAYORQUE MENORQUE DIV RESERVADA MAYORQUE MAYORQUE

    DIV             shift and go to state 37


state 37

    (1) expresion -> MENORQUE NOT RESERVADA RESERVADA MAYORQUE MENORQUE RESERVADA MAYORQUE MENORQUE RESERVADA MAYORQUE MENORQUE RESERVADA MAYORQUE IDENTIFICADOR IDENTIFICADOR IDENTIFICADOR MENORQUE DIV RESERVADA MAYORQUE MENORQUE DIV RESERVADA MAYORQUE MENORQUE RESERVADA MAYORQUE MENORQUE IDENTIFICADOR MAYORQUE IDENTIFICADOR IDENTIFICADOR NOT MENORQUE DIV . IDENTIFICADOR MAYORQUE MENORQUE DIV RESERVADA MAYORQUE MENORQUE DIV RESERVADA MAYORQUE MAYORQUE

    IDENTIFICADOR   shift and go to state 38


state 38

    (1) expresion -> MENORQUE NOT RESERVADA RESERVADA MAYORQUE MENORQUE RESERVADA MAYORQUE MENORQUE RESERVADA MAYORQUE MENORQUE RESERVADA MAYORQUE IDENTIFICADOR IDENTIFICADOR IDENTIFICADOR MENORQUE DIV RESERVADA MAYORQUE MENORQUE DIV RESERVADA MAYORQUE MENORQUE RESERVADA MAYORQUE MENORQUE IDENTIFICADOR MAYORQUE IDENTIFICADOR IDENTIFICADOR NOT MENORQUE DIV IDENTIFICADOR . MAYORQUE MENORQUE DIV RESERVADA MAYORQUE MENORQUE DIV RESERVADA MAYORQUE MAYORQUE

    MAYORQUE        shift and go to state 39


state 39

    (1) expresion -> MENORQUE NOT RESERVADA RESERVADA MAYORQUE MENORQUE RESERVADA MAYORQUE MENORQUE RESERVADA MAYORQUE MENORQUE RESERVADA MAYORQUE IDENTIFICADOR IDENTIFICADOR IDENTIFICADOR MENORQUE DIV RESERVADA MAYORQUE MENORQUE DIV RESERVADA MAYORQUE MENORQUE RESERVADA MAYORQUE MENORQUE IDENTIFICADOR MAYORQUE IDENTIFICADOR IDENTIFICADOR NOT MENORQUE DIV IDENTIFICADOR MAYORQUE . MENORQUE DIV RESERVADA MAYORQUE MENORQUE DIV RESERVADA MAYORQUE MAYORQUE

    MENORQUE        shift and go to state 40


state 40

    (1) expresion -> MENORQUE NOT RESERVADA RESERVADA MAYORQUE MENORQUE RESERVADA MAYORQUE MENORQUE RESERVADA MAYORQUE MENORQUE RESERVADA MAYORQUE IDENTIFICADOR IDENTIFICADOR IDENTIFICADOR MENORQUE DIV RESERVADA MAYORQUE MENORQUE DIV RESERVADA MAYORQUE MENORQUE RESERVADA MAYORQUE MENORQUE IDENTIFICADOR MAYORQUE IDENTIFICADOR IDENTIFICADOR NOT MENORQUE DIV IDENTIFICADOR MAYORQUE MENORQUE . DIV RESERVADA MAYORQUE MENORQUE DIV RESERVADA MAYORQUE MAYORQUE

    DIV             shift and go to state 41


state 41

    (1) expresion -> MENORQUE NOT RESERVADA RESERVADA MAYORQUE MENORQUE RESERVADA MAYORQUE MENORQUE RESERVADA MAYORQUE MENORQUE RESERVADA MAYORQUE IDENTIFICADOR IDENTIFICADOR IDENTIFICADOR MENORQUE DIV RESERVADA MAYORQUE MENORQUE DIV RESERVADA MAYORQUE MENORQUE RESERVADA MAYORQUE MENORQUE IDENTIFICADOR MAYORQUE IDENTIFICADOR IDENTIFICADOR NOT MENORQUE DIV IDENTIFICADOR MAYORQUE MENORQUE DIV . RESERVADA MAYORQUE MENORQUE DIV RESERVADA MAYORQUE MAYORQUE

    RESERVADA       shift and go to state 42


state 42

    (1) expresion -> MENORQUE NOT RESERVADA RESERVADA MAYORQUE MENORQUE RESERVADA MAYORQUE MENORQUE RESERVADA MAYORQUE MENORQUE RESERVADA MAYORQUE IDENTIFICADOR IDENTIFICADOR IDENTIFICADOR MENORQUE DIV RESERVADA MAYORQUE MENORQUE DIV RESERVADA MAYORQUE MENORQUE RESERVADA MAYORQUE MENORQUE IDENTIFICADOR MAYORQUE IDENTIFICADOR IDENTIFICADOR NOT MENORQUE DIV IDENTIFICADOR MAYORQUE MENORQUE DIV RESERVADA . MAYORQUE MENORQUE DIV RESERVADA MAYORQUE MAYORQUE

    MAYORQUE        shift and go to state 43


state 43

    (1) expresion -> MENORQUE NOT RESERVADA RESERVADA MAYORQUE MENORQUE RESERVADA MAYORQUE MENORQUE RESERVADA MAYORQUE MENORQUE RESERVADA MAYORQUE IDENTIFICADOR IDENTIFICADOR IDENTIFICADOR MENORQUE DIV RESERVADA MAYORQUE MENORQUE DIV RESERVADA MAYORQUE MENORQUE RESERVADA MAYORQUE MENORQUE IDENTIFICADOR MAYORQUE IDENTIFICADOR IDENTIFICADOR NOT MENORQUE DIV IDENTIFICADOR MAYORQUE MENORQUE DIV RESERVADA MAYORQUE . MENORQUE DIV RESERVADA MAYORQUE MAYORQUE

    MENORQUE        shift and go to state 44


state 44

    (1) expresion -> MENORQUE NOT RESERVADA RESERVADA MAYORQUE MENORQUE RESERVADA MAYORQUE MENORQUE RESERVADA MAYORQUE MENORQUE RESERVADA MAYORQUE IDENTIFICADOR IDENTIFICADOR IDENTIFICADOR MENORQUE DIV RESERVADA MAYORQUE MENORQUE DIV RESERVADA MAYORQUE MENORQUE RESERVADA MAYORQUE MENORQUE IDENTIFICADOR MAYORQUE IDENTIFICADOR IDENTIFICADOR NOT MENORQUE DIV IDENTIFICADOR MAYORQUE MENORQUE DIV RESERVADA MAYORQUE MENORQUE . DIV RESERVADA MAYORQUE MAYORQUE

    DIV             shift and go to state 45


state 45

    (1) expresion -> MENORQUE NOT RESERVADA RESERVADA MAYORQUE MENORQUE RESERVADA MAYORQUE MENORQUE RESERVADA MAYORQUE MENORQUE RESERVADA MAYORQUE IDENTIFICADOR IDENTIFICADOR IDENTIFICADOR MENORQUE DIV RESERVADA MAYORQUE MENORQUE DIV RESERVADA MAYORQUE MENORQUE RESERVADA MAYORQUE MENORQUE IDENTIFICADOR MAYORQUE IDENTIFICADOR IDENTIFICADOR NOT MENORQUE DIV IDENTIFICADOR MAYORQUE MENORQUE DIV RESERVADA MAYORQUE MENORQUE DIV . RESERVADA MAYORQUE MAYORQUE

    RESERVADA       shift and go to state 46


state 46

    (1) expresion -> MENORQUE NOT RESERVADA RESERVADA MAYORQUE MENORQUE RESERVADA MAYORQUE MENORQUE RESERVADA MAYORQUE MENORQUE RESERVADA MAYORQUE IDENTIFICADOR IDENTIFICADOR IDENTIFICADOR MENORQUE DIV RESERVADA MAYORQUE MENORQUE DIV RESERVADA MAYORQUE MENORQUE RESERVADA MAYORQUE MENORQUE IDENTIFICADOR MAYORQUE IDENTIFICADOR IDENTIFICADOR NOT MENORQUE DIV IDENTIFICADOR MAYORQUE MENORQUE DIV RESERVADA MAYORQUE MENORQUE DIV RESERVADA . MAYORQUE MAYORQUE

    MAYORQUE        shift and go to state 47


state 47

    (1) expresion -> MENORQUE NOT RESERVADA RESERVADA MAYORQUE MENORQUE RESERVADA MAYORQUE MENORQUE RESERVADA MAYORQUE MENORQUE RESERVADA MAYORQUE IDENTIFICADOR IDENTIFICADOR IDENTIFICADOR MENORQUE DIV RESERVADA MAYORQUE MENORQUE DIV RESERVADA MAYORQUE MENORQUE RESERVADA MAYORQUE MENORQUE IDENTIFICADOR MAYORQUE IDENTIFICADOR IDENTIFICADOR NOT MENORQUE DIV IDENTIFICADOR MAYORQUE MENORQUE DIV RESERVADA MAYORQUE MENORQUE DIV RESERVADA MAYORQUE . MAYORQUE

    MAYORQUE        shift and go to state 48


state 48

    (1) expresion -> MENORQUE NOT RESERVADA RESERVADA MAYORQUE MENORQUE RESERVADA MAYORQUE MENORQUE RESERVADA MAYORQUE MENORQUE RESERVADA MAYORQUE IDENTIFICADOR IDENTIFICADOR IDENTIFICADOR MENORQUE DIV RESERVADA MAYORQUE MENORQUE DIV RESERVADA MAYORQUE MENORQUE RESERVADA MAYORQUE MENORQUE IDENTIFICADOR MAYORQUE IDENTIFICADOR IDENTIFICADOR NOT MENORQUE DIV IDENTIFICADOR MAYORQUE MENORQUE DIV RESERVADA MAYORQUE MENORQUE DIV RESERVADA MAYORQUE MAYORQUE .

    $end            reduce using rule 1 (expresion -> MENORQUE NOT RESERVADA RESERVADA MAYORQUE MENORQUE RESERVADA MAYORQUE MENORQUE RESERVADA MAYORQUE MENORQUE RESERVADA MAYORQUE IDENTIFICADOR IDENTIFICADOR IDENTIFICADOR MENORQUE DIV RESERVADA MAYORQUE MENORQUE DIV RESERVADA MAYORQUE MENORQUE RESERVADA MAYORQUE MENORQUE IDENTIFICADOR MAYORQUE IDENTIFICADOR IDENTIFICADOR NOT MENORQUE DIV IDENTIFICADOR MAYORQUE MENORQUE DIV RESERVADA MAYORQUE MENORQUE DIV RESERVADA MAYORQUE MAYORQUE .)

